<?xml version="1.0" encoding="UTF-8" ?>
<testsuite failures="0" time="0.015" errors="0" skipped="0" tests="1" name="org.soundroid.test.AppTest">
  <properties>
    <property name="java.runtime.name" value="Java(TM) SE Runtime Environment"/>
    <property name="sun.boot.library.path" value="C:\Archivos de programa\Java\jdk1.6.0_13\jre\bin"/>
    <property name="java.vm.version" value="11.3-b02"/>
    <property name="java.vm.vendor" value="Sun Microsystems Inc."/>
    <property name="java.vendor.url" value="http://java.sun.com/"/>
    <property name="path.separator" value=";"/>
    <property name="java.vm.name" value="Java HotSpot(TM) Client VM"/>
    <property name="file.encoding.pkg" value="sun.io"/>
    <property name="user.country" value="ES"/>
    <property name="sun.java.launcher" value="SUN_STANDARD"/>
    <property name="sun.os.patch.level" value="Service Pack 3"/>
    <property name="java.vm.specification.name" value="Java Virtual Machine Specification"/>
    <property name="user.dir" value="D:\desarrollo\workspace\SoundDroid-Lib"/>
    <property name="java.runtime.version" value="1.6.0_13-b03"/>
    <property name="java.awt.graphicsenv" value="sun.awt.Win32GraphicsEnvironment"/>
    <property name="basedir" value="D:\desarrollo\workspace\SoundDroid-Lib"/>
    <property name="java.endorsed.dirs" value="C:\Archivos de programa\Java\jdk1.6.0_13\jre\lib\endorsed"/>
    <property name="os.arch" value="x86"/>
    <property name="surefire.real.class.path" value="C:\DOCUME~1\Antonio\CONFIG~1\Temp\surefirebooter2161567158372130313.jar"/>
    <property name="java.io.tmpdir" value="C:\DOCUME~1\Antonio\CONFIG~1\Temp\"/>
    <property name="line.separator" value="
"/>
    <property name="java.vm.specification.vendor" value="Sun Microsystems Inc."/>
    <property name="user.variant" value=""/>
    <property name="os.name" value="Windows XP"/>
    <property name="sun.jnu.encoding" value="Cp1252"/>
    <property name="java.library.path" value="C:\Archivos de programa\Java\jdk1.6.0_13\jre\bin;.;C:\WINDOWS\Sun\Java\bin;C:\WINDOWS\system32;C:\WINDOWS;C:\Archivos de programa\Java\jdk1.6.0_13\jre\bin;C:/Archivos de programa/Java/jre6/bin/client;C:/Archivos de programa/Java/jre6/bin;C:\Archivos de programa\PC Connectivity Solution\;C:\WINDOWS\system32;C:\WINDOWS;C:\WINDOWS\System32\Wbem;C:\Archivos de programa\ATI Technologies\ATI.ACE\Core-Static;C:\Archivos de programa\MATLAB\R2008a\bin;C:\Archivos de programa\MATLAB\R2008a\bin\win32;C:\Archivos de programa\TortoiseSVN\bin"/>
    <property name="surefire.test.class.path" value="D:\desarrollo\workspace\SoundDroid-Lib\target\test-classes;D:\desarrollo\workspace\SoundDroid-Lib\target\classes;C:\Documents and Settings\Antonio\.m2\repository\org\apache\httpcomponents\httpclient\4.0-beta2\httpclient-4.0-beta2.jar;C:\Documents and Settings\Antonio\.m2\repository\org\apache\httpcomponents\httpcore\4.0-beta3\httpcore-4.0-beta3.jar;C:\Documents and Settings\Antonio\.m2\repository\commons-logging\commons-logging\1.1.1\commons-logging-1.1.1.jar;C:\Documents and Settings\Antonio\.m2\repository\commons-codec\commons-codec\1.3\commons-codec-1.3.jar;C:\Documents and Settings\Antonio\.m2\repository\com\thoughtworks\xstream\xstream\1.3.1\xstream-1.3.1.jar;C:\Documents and Settings\Antonio\.m2\repository\xpp3\xpp3_min\1.1.4c\xpp3_min-1.1.4c.jar;C:\Documents and Settings\Antonio\.m2\repository\net\oauth\oauth-core\20090522\oauth-core-20090522.jar;C:\Documents and Settings\Antonio\.m2\repository\commons-httpclient\commons-httpclient\3.1\commons-httpclient-3.1.jar;C:\Documents and Settings\Antonio\.m2\repository\junit\junit\3.8.1\junit-3.8.1.jar;"/>
    <property name="java.specification.name" value="Java Platform API Specification"/>
    <property name="java.class.version" value="50.0"/>
    <property name="sun.management.compiler" value="HotSpot Client Compiler"/>
    <property name="os.version" value="5.1"/>
    <property name="user.home" value="C:\Documents and Settings\Antonio"/>
    <property name="user.timezone" value=""/>
    <property name="java.awt.printerjob" value="sun.awt.windows.WPrinterJob"/>
    <property name="java.specification.version" value="1.6"/>
    <property name="file.encoding" value="Cp1252"/>
    <property name="user.name" value="Antonio"/>
    <property name="java.class.path" value="D:\desarrollo\workspace\SoundDroid-Lib\target\test-classes;D:\desarrollo\workspace\SoundDroid-Lib\target\classes;C:\Documents and Settings\Antonio\.m2\repository\org\apache\httpcomponents\httpclient\4.0-beta2\httpclient-4.0-beta2.jar;C:\Documents and Settings\Antonio\.m2\repository\org\apache\httpcomponents\httpcore\4.0-beta3\httpcore-4.0-beta3.jar;C:\Documents and Settings\Antonio\.m2\repository\commons-logging\commons-logging\1.1.1\commons-logging-1.1.1.jar;C:\Documents and Settings\Antonio\.m2\repository\commons-codec\commons-codec\1.3\commons-codec-1.3.jar;C:\Documents and Settings\Antonio\.m2\repository\com\thoughtworks\xstream\xstream\1.3.1\xstream-1.3.1.jar;C:\Documents and Settings\Antonio\.m2\repository\xpp3\xpp3_min\1.1.4c\xpp3_min-1.1.4c.jar;C:\Documents and Settings\Antonio\.m2\repository\net\oauth\oauth-core\20090522\oauth-core-20090522.jar;C:\Documents and Settings\Antonio\.m2\repository\commons-httpclient\commons-httpclient\3.1\commons-httpclient-3.1.jar;C:\Documents and Settings\Antonio\.m2\repository\junit\junit\3.8.1\junit-3.8.1.jar;"/>
    <property name="java.vm.specification.version" value="1.0"/>
    <property name="sun.arch.data.model" value="32"/>
    <property name="java.home" value="C:\Archivos de programa\Java\jdk1.6.0_13\jre"/>
    <property name="java.specification.vendor" value="Sun Microsystems Inc."/>
    <property name="user.language" value="es"/>
    <property name="awt.toolkit" value="sun.awt.windows.WToolkit"/>
    <property name="java.vm.info" value="mixed mode, sharing"/>
    <property name="java.version" value="1.6.0_13"/>
    <property name="java.ext.dirs" value="C:\Archivos de programa\Java\jdk1.6.0_13\jre\lib\ext;C:\WINDOWS\Sun\Java\lib\ext"/>
    <property name="sun.boot.class.path" value="C:\Archivos de programa\Java\jdk1.6.0_13\jre\lib\resources.jar;C:\Archivos de programa\Java\jdk1.6.0_13\jre\lib\rt.jar;C:\Archivos de programa\Java\jdk1.6.0_13\jre\lib\sunrsasign.jar;C:\Archivos de programa\Java\jdk1.6.0_13\jre\lib\jsse.jar;C:\Archivos de programa\Java\jdk1.6.0_13\jre\lib\jce.jar;C:\Archivos de programa\Java\jdk1.6.0_13\jre\lib\charsets.jar;C:\Archivos de programa\Java\jdk1.6.0_13\jre\classes"/>
    <property name="java.vendor" value="Sun Microsystems Inc."/>
    <property name="localRepository" value="C:\Documents and Settings\Antonio\.m2\repository"/>
    <property name="file.separator" value="\"/>
    <property name="java.vendor.url.bug" value="http://java.sun.com/cgi-bin/bugreport.cgi"/>
    <property name="sun.cpu.endian" value="little"/>
    <property name="sun.io.unicode.encoding" value="UnicodeLittle"/>
    <property name="sun.desktop" value="windows"/>
    <property name="sun.cpu.isalist" value="pentium_pro+mmx pentium_pro pentium+mmx pentium i486 i386 i86"/>
  </properties>
  <testcase time="0.015" classname="org.soundroid.test.AppTest" name="testApp"/>
</testsuite>